1848.719641 0
0 92 152 212 272 247 327 307 332 331 271 211 0
0 44 49 104 64 124 164 109 50 54 5 0
0 204 264 323 382 383 324 246 259 186 199 198 0
0 0
0 12 72 132 192 180 240 252 197 138 78 18 0
0 82 142 193 181 202 253 241 260 205 200 145 140 85 80 0
0 36 96 156 161 216 183 123 63 89 38 29 0
0 341 396 363 401 342 283 189 223 129 168 0
0 4 46 47 107 9 43 42 3 0
0 37 97 106 157 184 244 284 229 170 224 169 110 0
0 238 298 299 251 316 375 374 315 256 255 136 76 0
0 105 165 114 115 175 176 70 116 10 56 55 0
0 45 65 125 232 177 118 11 16 15 0
0 34 94 154 155 128 68 8 35 0
0 13 22 73 133 121 61 1 0
0 90 91 151 210 261 242 268 213 208 153 148 93 88 33 28 0
0 217 277 337 304 364 404 349 344 289 230 171 111 51 0
0 207 267 326 385 386 387 367 392 391 390 381 330 321 270 0
0 263 322 373 361 380 325 266 187 127 0
0 173 194 293 254 353 314 413 360 300 312 257 137 77 17 0
0 20 25 26 86 87 67 7 32 31 30 21 0
0 83 143 203 262 313 301 320 265 206 147 146 27 0
0 215 275 335 394 395 368 400 308 399 398 389 338 0
0 95 214 274 334 393 333 388 362 302 328 273 0
0 41 101 102 162 221 276 243 269 218 209 158 149 98 39 0
0 352 412 417 418 419 371 376 311 359 358 357 297 0
0 225 285 294 345 305 365 405 354 295 235 234 174 0
0 288 249 343 309 408 369 403 402 282 0
0 135 195 196 191 239 131 179 71 119 0
0 19 6 79 139 126 144 66 84 24 23 0
0 219 279 339 340 248 280 188 220 160 100 40 0
0 99 159 278 329 303 336 281 222 163 69 103 0
0 48 108 167 227 228 287 347 348 407 406 397 346 286 226 166 0
0 236 296 355 414 415 356 250 190 130 0
0 420 60 120 233 134 75 74 113 14 53 0
0 317 372 377 378 379 366 384 306 319 318 258 0
0 81 141 150 201 182 122 62 2 0
0 231 291 351 310 416 370 411 410 409 350 290 0
0 52 57 112 117 172 185 245 292 237 178 59 58 0
0 0
0 0
